<?xml version="1.0" encoding="UTF-8"?>
<testng-results skipped="0" failed="0" ignored="0" total="5" passed="5">
  <reporter-output>
  </reporter-output>
  <suite name="Suite" duration-ms="4275" started-at="2021-12-25T18:15:32 IST" finished-at="2021-12-25T18:15:36 IST">
    <groups>
    </groups>
    <test name="Test" duration-ms="4275" started-at="2021-12-25T18:15:32 IST" finished-at="2021-12-25T18:15:36 IST">
      <class name="org.testing.testScripts.TC1">
        <test-method status="PASS" signature="testCase1()[pri:0, instance:org.testing.testScripts.TC1@52feb982]" name="testCase1" duration-ms="3895" started-at="2021-12-25T18:15:32 IST" finished-at="2021-12-25T18:15:36 IST">
          <reporter-output>
          </reporter-output>
        </test-method> <!-- testCase1 -->
      </class> <!-- org.testing.testScripts.TC1 -->
      <class name="org.testing.testScripts.TC2">
        <test-method status="PASS" signature="TestCase2()[pri:0, instance:org.testing.testScripts.TC2@7d70d1b1]" name="TestCase2" duration-ms="99" started-at="2021-12-25T18:15:36 IST" finished-at="2021-12-25T18:15:36 IST">
          <reporter-output>
          </reporter-output>
        </test-method> <!-- TestCase2 -->
      </class> <!-- org.testing.testScripts.TC2 -->
      <class name="org.testing.testScripts.TC5">
        <test-method status="PASS" signature="TestCase5()[pri:0, instance:org.testing.testScripts.TC5@3dfc5fb8]" name="TestCase5" duration-ms="45" started-at="2021-12-25T18:15:36 IST" finished-at="2021-12-25T18:15:36 IST">
          <reporter-output>
          </reporter-output>
        </test-method> <!-- TestCase5 -->
      </class> <!-- org.testing.testScripts.TC5 -->
      <class name="org.testing.testScripts.TC3">
        <test-method status="PASS" signature="TestCase3()[pri:0, instance:org.testing.testScripts.TC3@2a742aa2]" name="TestCase3" duration-ms="70" started-at="2021-12-25T18:15:36 IST" finished-at="2021-12-25T18:15:36 IST">
          <reporter-output>
          </reporter-output>
        </test-method> <!-- TestCase3 -->
      </class> <!-- org.testing.testScripts.TC3 -->
      <class name="org.testing.testScripts.TC4">
        <test-method status="PASS" signature="TestCase4()[pri:0, instance:org.testing.testScripts.TC4@3cb1ffe6]" name="TestCase4" duration-ms="96" started-at="2021-12-25T18:15:36 IST" finished-at="2021-12-25T18:15:36 IST">
          <reporter-output>
          </reporter-output>
        </test-method> <!-- TestCase4 -->
      </class> <!-- org.testing.testScripts.TC4 -->
    </test> <!-- Test -->
  </suite> <!-- Suite -->
</testng-results>
