<?xml version="1.0" encoding="UTF-8"?>
<!-- Generated by org.testng.reporters.JUnitXMLReporter -->
<testsuite hostname="DESKTOP-HGBH8UP" ignored="0" name="Test" tests="5" failures="0" timestamp="2021-12-25T18:15:36 IST" time="4.275" errors="0">
  <testcase name="testCase1" time="3.895" classname="org.testing.testScripts.TC1"/>
  <testcase name="TestCase2" time="0.099" classname="org.testing.testScripts.TC2"/>
  <testcase name="TestCase3" time="0.07" classname="org.testing.testScripts.TC3"/>
  <testcase name="TestCase4" time="0.096" classname="org.testing.testScripts.TC4"/>
  <testcase name="TestCase5" time="0.045" classname="org.testing.testScripts.TC5"/>
</testsuite> <!-- Test -->
